<?xml version="1.0" encoding="UTF-8"?>
<testng-results ignored="0" total="1" passed="1" failed="0" skipped="0">
  <reporter-output>
  </reporter-output>
  <suite started-at="2022-04-18T22:11:48 IST" name="Default suite" finished-at="2022-04-18T22:12:01 IST" duration-ms="12934">
    <groups>
    </groups>
    <test started-at="2022-04-18T22:11:48 IST" name="Default test" finished-at="2022-04-18T22:12:01 IST" duration-ms="12934">
      <class name="LoginTest">
        <test-method is-config="true" signature="setUp()[pri:0, instance:LoginTest@437da279]" started-at="2022-04-18T22:11:46 IST" name="setUp" finished-at="2022-04-18T22:11:48 IST" duration-ms="1433" status="PASS">
          <reporter-output>
          </reporter-output>
        </test-method> <!-- setUp -->
        <test-method signature="doLogin()[pri:0, instance:LoginTest@437da279]" started-at="2022-04-18T22:11:48 IST" name="doLogin" finished-at="2022-04-18T22:12:01 IST" duration-ms="12910" status="PASS">
          <reporter-output>
          </reporter-output>
        </test-method> <!-- doLogin -->
        <test-method is-config="true" signature="tearDown()[pri:0, instance:LoginTest@437da279]" started-at="2022-04-18T22:12:01 IST" name="tearDown" finished-at="2022-04-18T22:12:01 IST" duration-ms="175" status="PASS">
          <reporter-output>
          </reporter-output>
        </test-method> <!-- tearDown -->
      </class> <!-- LoginTest -->
    </test> <!-- Default test -->
  </suite> <!-- Default suite -->
</testng-results>
